#scanap
Starting AP scan. Stop with stopscan
Clearing APs...0
Successfully set AP MAC: 3C:8A:1F:A1:9B:C1
> RSSI: -75 Ch: 3 BSSID: a0:cf:f5:ca:63:34 ESSID: MTS_GPON_7F48 
Beacon: 31 1C 1 100520
RSSI: -82 Ch: 5 BSSID: dc:f8:b9:e9:69:29 ESSID: MGTS_GPON_5332 
Beacon: 11 1C 2 100304
RSSI: -88 Ch: 5 BSSID: 08:5a:11:69:e1:ab ESSID: 2_4G_MegaFon_FR1000-E1A9 
Beacon: 11 14 3 99996
RSSI: -86 Ch: 9 BSSID: 60:ce:86:9a:3e:a0 ESSID: MGTS_GPON_50E2 
Beacon: 31 14 4 99824
RSSI: -58 Ch: 10 BSSID: 60:63:4c:83:a3:12 ESSID: 2_4G_MegaFon_FR1000-A30F 
Beacon: 11 04 5 99464
RSSI: -94 Ch: 11 BSSID: 78:94:b4:d8:13:e5 ESSID: MGTS_GPON_1396 
Beacon: 11 04 6 99356
RSSI: -90 Ch: 1 BSSID: 3c:98:72:dd:35:4a ESSID: MGTS_GPON_6766 
Beacon: 11 04 7 99148
RSSI: -98 Ch: 1 BSSID: 40:b0:76:4e:e9:e8 ESSID: kogekehome 
Beacon: 11 0C 8 98936
RSSI: -91 Ch: 3 BSSID: 10:a3:b8:e2:0f:f9 ESSID: RT-WiFi-0FF8 
Beacon: 11 14 9 98700
RSSI: -90 Ch: 1 BSSID: 3c:98:72:a1:1d:62 ESSID: MGTS_GPON_5746 
Beacon: 11 04 10 98520
RSSI: -93 Ch: 7 BSSID: 08:9a:c7:e7:88:6e ESSID: MTS_GPON_AD0E 
Beacon: 31 1C 11 98300
#stopscan
0
Stopping WiFi tran/recv
