#scanap
Starting AP scan. Stop with stopscan
Clearing APs...0
Successfully set AP MAC: 3C:8A:1F:A1:9B:C1
> RSSI: -86 Ch: 3 BSSID: 10:a3:b8:e2:0f:f9 ESSID: RT-WiFi-0FF8 
Beacon: 11 14 1 100488
RSSI: -69 Ch: 4 BSSID: a0:cf:f5:ca:63:34 ESSID: MTS_GPON_7F48 
Beacon: 31 1C 2 100304
RSSI: -92 Ch: 5 BSSID: 08:5a:11:69:e1:ab ESSID: 2_4G_MegaFon_FR1000-E1A9 
Beacon: 11 14 3 99996
RSSI: -86 Ch: 6 BSSID: dc:f8:b9:e9:69:29 ESSID: MGTS_GPON_5332 
Beacon: 11 1C 4 99836
RSSI: -91 Ch: 7 BSSID: 60:63:4c:83:a3:12 ESSID: 2_4G_MegaFon_FR1000-A30F 
Beacon: 11 04 5 99476
RSSI: -95 Ch: 9 BSSID: 60:ce:86:9a:3e:a0 ESSID: MGTS_GPON_50E2 
Beacon: 31 14 6 99276
RSSI: -92 Ch: 11 BSSID: 78:94:b4:d8:13:e5 ESSID: MGTS_GPON_1396 
Beacon: 11 04 7 99152
RSSI: -92 Ch: 1 BSSID: 3c:98:72:dd:35:4a ESSID: MGTS_GPON_6766 
Beacon: 11 04 8 98936
RSSI: -90 Ch: 1 BSSID: 40:b0:76:4e:e9:e8 ESSID: kogekehome 
Beacon: 11 0C 9 98708
RSSI: -92 Ch: 1 BSSID: 3c:98:72:a1:1d:62 ESSID: MGTS_GPON_5746 
Beacon: 11 04 10 98488
RSSI: -94 Ch: 9 BSSID: 52:ff:20:7d:14:de ESSID:  52:ff:20:7d:14:de 
Beacon: 11 04 11 98204
RSSI: -95 Ch: 9 BSSID: 50:ff:20:4d:14:de ESSID: we watch 
Beacon: 11 1C 12 98008
RSSI: -88 Ch: 10 BSSID: 54:c2:50:cf:c7:79 ESSID: MTS_GPON_cfc778 
Beacon: 11 04 13 97692
RSSI: -94 Ch: 11 BSSID: 54:c2:50:b2:61:61 ESSID: MTS_GPON_b26160 
Beacon: 11 04 14 97444
RSSI: -93 Ch: 1 BSSID: e0:60:66:67:a1:f1 ESSID: MGTS_GPON_2941 
Beacon: 11 04 15 97328
RSSI: -92 Ch: 2 BSSID: 94:04:9c:59:92:44 ESSID: MGTS_108 
Beacon: 11 14 16 97124
RSSI: -90 Ch: 1 BSSID: 54:c2:50:b0:be:a9 ESSID: MTS_GPON_b0bea8 
Beacon: 11 04 17 96240
#stopscan
0
Stopping WiFi tran/recv
