#scanap
Starting AP scan. Stop with stopscan
Clearing APs...0
Successfully set AP MAC: 3C:8A:1F:A1:9B:C1
> RSSI: -72 Ch: 3 BSSID: a0:cf:f5:ca:63:34 ESSID: MTS_GPON_7F48 
Beacon: 31 1C 1 100520
RSSI: -90 Ch: 6 BSSID: dc:f8:b9:e9:69:29 ESSID: MGTS_GPON_5332 
Beacon: 11 1C 2 100308
RSSI: -94 Ch: 9 BSSID: 60:ce:86:9a:3e:a0 ESSID: MGTS_GPON_50E2 
Beacon: 31 14 3 100088
RSSI: -94 Ch: 9 BSSID: 08:5a:11:69:e1:ab ESSID: 2_4G_MegaFon_FR1000-E1A9 
Beacon: 11 14 4 99792
RSSI: -74 Ch: 10 BSSID: 60:63:4c:83:a3:12 ESSID: 2_4G_MegaFon_FR1000-A30F 
Beacon: 11 04 5 99492
RSSI: -93 Ch: 11 BSSID: 78:94:b4:d8:13:e5 ESSID: MGTS_GPON_1396 
Beacon: 11 04 6 98344
RSSI: -86 Ch: 1 BSSID: 3c:98:72:dd:35:4a ESSID: MGTS_GPON_6766 
Beacon: 11 04 7 99168
RSSI: -87 Ch: 1 BSSID: 40:b0:76:4e:e9:e8 ESSID: kogekehome 
Beacon: 11 0C 8 98952
RSSI: -94 Ch: 2 BSSID: 78:b2:13:bd:ce:30 ESSID: MGTS_GPON_886C 
Beacon: 31 14 9 98728
RSSI: -84 Ch: 3 BSSID: 10:a3:b8:e2:0f:f9 ESSID: RT-WiFi-0FF8 
Beacon: 11 14 10 98324
RSSI: -90 Ch: 4 BSSID: 78:b2:13:a9:d6:c8 ESSID: MGTS_GPON_0293 
Beacon: 31 14 11 98296
RSSI: -93 Ch: 5 BSSID: 54:c2:50:94:50:b9 ESSID: MTS_GPON_9450b8 
Beacon: 11 04 12 97844
RSSI: -96 Ch: 6 BSSID: 24:4b:fe:64:91:e0 ESSID: Home 
Beacon: 11 04 13 97768
RSSI: -96 Ch: 9 BSSID: 52:ff:20:7d:14:de ESSID:  52:ff:20:7d:14:de 
Beacon: 11 04 14 97572
RSSI: -92 Ch: 11 BSSID: 3c:98:72:a1:1d:62 ESSID: MGTS_GPON_5746 
Beacon: 11 04 15 97384
RSSI: -92 Ch: 2 BSSID: 94:04:9c:59:92:44 ESSID: MGTS_108 
Beacon: 11 14 16 97204
RSSI: -94 Ch: 8 BSSID: 52:ff:20:fe:49:b9 ESSID:  52:ff:20:fe:49:b9 
Beacon: 11 04 17 96900
RSSI: -92 Ch: 8 BSSID: 50:ff:20:be:49:b9 ESSID: Keenetic-4507 
Beacon: 11 1C 18 96728
RSSI: -95 Ch: 11 BSSID: 02:85:6a:be:ad:5c ESSID: MT_FREE 
Beacon: 21 04 19 96336
RSSI: -94 Ch: 10 BSSID: 54:c2:50:cf:c7:79 ESSID: MTS_GPON_cfc778 
Beacon: 11 04 20 96192
RSSI: -95 Ch: 11 BSSID: 08:9a:c7:e7:88:6e ESSID: MTS_GPON_AD0E 
Beacon: 31 1C 21 96048
RSSI: -94 Ch: 1 BSSID: e0:60:66:67:a1:f1 ESSID: MGTS_GPON_2941 
Beacon: 11 04 22 94812
RSSI: -84 Ch: 8 BSSID: 50:ff:20:4d:14:de ESSID: we watch 
Beacon: 11 1C 23 95632
RSSI: -96 Ch: 11 BSSID: e4:ca:12:88:f2:8c ESSID: MGTS_GPON_ED06 
Beacon: 31 04 24 95440
#stopscan
0
Stopping WiFi tran/recv
