#scanap
Starting AP scan. Stop with stopscan
Clearing APs...19
Successfully set AP MAC: 3C:8A:1F:A1:9B:C1
> RSSI: -62 Ch: 10 BSSID: 60:63:4c:83:a3:12 ESSID: 2_4G_MegaFon_FR1000-A30F 
Beacon: 11 04 1 97428
RSSI: -95 Ch: 10 BSSID: 54:c2:50:cf:c7:79 ESSID: MTS_GPON_cfc778 
Beacon: 11 04 2 97252
RSSI: -83 Ch: 11 BSSID: 78:94:b4:d8:13:e5 ESSID: MGTS_GPON_1396 
Beacon: 11 04 3 97120
RSSI: -83 Ch: 1 BSSID: 3c:98:72:a1:1d:62 ESSID: MGTS_GPON_5746 
Beacon: 11 04 4 96908
RSSI: -88 Ch: 1 BSSID: 40:b0:76:4e:e9:e8 ESSID: kogekehome 
Beacon: 11 0C 5 96688
RSSI: -83 Ch: 1 BSSID: 3c:98:72:dd:35:4a ESSID: MGTS_GPON_6766 
Beacon: 11 04 6 96468
RSSI: -85 Ch: 2 BSSID: 10:a3:b8:e2:0f:f9 ESSID: RT-WiFi-0FF8 
Beacon: 11 14 7 96212
RSSI: -89 Ch: 2 BSSID: 94:04:9c:59:92:44 ESSID: MGTS_108 
Beacon: 11 14 8 96048
RSSI: -75 Ch: 5 BSSID: dc:f8:b9:e9:69:29 ESSID: MGTS_GPON_5332 
Beacon: 11 1C 9 95816
RSSI: -85 Ch: 5 BSSID: 08:5a:11:69:e1:ab ESSID: 2_4G_MegaFon_FR1000-E1A9 
Beacon: 11 14 10 95504
RSSI: -64 Ch: 5 BSSID: a0:cf:f5:ca:63:34 ESSID: MTS_GPON_7F48 
Beacon: 31 1C 11 95340
RSSI: -88 Ch: 9 BSSID: 60:ce:86:9a:3e:a0 ESSID: MGTS_GPON_50E2 
Beacon: 31 14 12 95116
RSSI: -93 Ch: 4 BSSID: 08:9a:c7:e7:88:6e ESSID: MTS_GPON_AD0E 
Beacon: 31 1C 13 94628
RSSI: -91 Ch: 1 BSSID: 00:24:8c:63:27:f0 ESSID: ELENA_NET 
Beacon: 11 04 14 94856
RSSI: -92 Ch: 1 BSSID: e0:60:66:67:a1:f1 ESSID: MGTS_GPON_2941 
Beacon: 11 04 15 94488
RSSI: -93 Ch: 1 BSSID: 50:ff:20:9c:48:26 ESSID: Home ❤️ 
Beacon: 11 1C 16 94264
RSSI: -92 Ch: 1 BSSID: 52:ff:20:fc:48:26 ESSID:  52:ff:20:fc:48:26 
Beacon: 11 04 17 93908
RSSI: -94 Ch: 1 BSSID: 54:c2:50:b0:be:a9 ESSID: MTS_GPON_b0bea8 
Beacon: 11 04 18 93624
RSSI: -93 Ch: 9 BSSID: 50:ff:20:4d:14:de ESSID: we watch 
Beacon: 11 1C 19 93556
RSSI: -93 Ch: 9 BSSID: 52:ff:20:7d:14:de ESSID:  52:ff:20:7d:14:de 
Beacon: 11 04 20 93268
RSSI: -94 Ch: 10 BSSID: 60:ce:86:6e:6f:8a ESSID: Beeline_2G_FF7648 
Beacon: 31 14 21 92876
RSSI: -95 Ch: 10 BSSID: 62:ce:86:6e:6f:8a ESSID:  62:ce:86:6e:6f:8a 
Beacon: 31 14 22 92632
RSSI: -95 Ch: 6 BSSID: 24:a6:5e:aa:d7:1e ESSID: MTS_GPON_6A02 
Beacon: 31 1C 23 92572
RSSI: -95 Ch: 1 BSSID: 44:13:d0:91:be:dc ESSID: MGTS_GPON_7B1B 
Beacon: 11 1C 24 92440
RSSI: -96 Ch: 4 BSSID: 08:9a:c7:e7:d8:00 ESSID: MTS_GPON_BA51 
Beacon: 31 1C 25 92152
RSSI: -95 Ch: 1 BSSID: 14:2e:5e:76:1a:98 ESSID: MGTS_GPON_8572 
Beacon: 31 14 26 91868
RSSI: -93 Ch: 1 BSSID: 58:ea:1f:c2:2e:c6 ESSID: kuznecovskiy 
Beacon: 31 14 27 91612
RSSI: -94 Ch: 1 BSSID: 54:c2:50:b0:e9:41 ESSID: MTS_GPON_b0e940 
Beacon: 11 04 28 90392
RSSI: -90 Ch: 2 BSSID: 52:ff:20:9c:3d:f4 ESSID:  52:ff:20:9c:3d:f4 
Beacon: 11 04 29 91080
RSSI: -93 Ch: 2 BSSID: 52:ff:20:5c:3d:f4 ESSID: Keenetic-7748 
Beacon: 11 1C 30 90896
RSSI: -95 Ch: 3 BSSID: 44:59:43:7b:a1:28 ESSID: FR1000-2_A128_2.4G 
Beacon: 31 0C 31 90668
RSSI: -94 Ch: 2 BSSID: 60:ce:86:c3:31:3c ESSID: Beeline_2G_F32588 
Beacon: 31 00 32 90444
RSSI: -96 Ch: 1 BSSID: 60:a4:4c:a6:76:9c ESSID: BYKHPC_Network 
Beacon: 11 04 33 90348
RSSI: -93 Ch: 1 BSSID: 00:0e:8f:fa:bb:5e ESSID: MGTS152 
Beacon: 11 04 34 90092
RSSI: -94 Ch: 1 BSSID: 94:4a:0c:e4:17:74 ESSID: Milen2 
Beacon: 11 04 35 89900
RSSI: -92 Ch: 4 BSSID: 78:b2:13:a9:d6:c8 ESSID: MGTS_GPON_0293 
Beacon: 31 14 36 89656
RSSI: -93 Ch: 5 BSSID: 54:c2:50:94:50:b9 ESSID: MTS_GPON_9450b8 
Beacon: 11 04 37 89364
#stopscan
0
Stopping WiFi tran/recv
