#scanap
Starting AP scan. Stop with stopscan
Clearing APs...0
Successfully set AP MAC: D8:BC:38:FA:B2:3D
> RSSI: -89 Ch: 2 BSSID: 94:04:9c:59:92:44 ESSID: MGTS_108 
Beacon: 11 14 1 100364
RSSI: -81 Ch: 3 BSSID: 10:a3:b8:e2:0f:f9 ESSID: RT-WiFi-0FF8 
Beacon: 11 14 2 100100
RSSI: -88 Ch: 3 BSSID: 60:63:4c:83:a3:12 ESSID: 2_4G_MegaFon_FR1000-A30F 
Beacon: 11 04 3 99772
RSSI: -58 Ch: 3 BSSID: a0:cf:f5:ca:63:34 ESSID: MTS_GPON_7F48 
Beacon: 31 1C 4 99648
RSSI: -81 Ch: 5 BSSID: 08:5a:11:69:e1:ab ESSID: 2_4G_MegaFon_FR1000-E1A9 
Beacon: 11 14 5 99348
RSSI: -70 Ch: 5 BSSID: dc:f8:b9:e9:69:29 ESSID: MGTS_GPON_5332 
Beacon: 11 1C 6 99196
RSSI: -86 Ch: 9 BSSID: 60:ce:86:9a:3e:a0 ESSID: MGTS_GPON_50E2 
Beacon: 31 14 7 98980
RSSI: -89 Ch: 10 BSSID: 54:c2:50:cf:c7:79 ESSID: MTS_GPON_cfc778 
Beacon: 11 04 8 98680
RSSI: -77 Ch: 11 BSSID: 78:94:b4:d8:13:e5 ESSID: MGTS_GPON_1396 
Beacon: 11 04 9 98536
RSSI: -95 Ch: 11 BSSID: 54:c2:50:b2:61:61 ESSID: MTS_GPON_b26160 
Beacon: 11 04 10 97184
RSSI: -80 Ch: 1 BSSID: 3c:98:72:a1:1d:62 ESSID: MGTS_GPON_5746 
Beacon: 11 04 11 98084
RSSI: -84 Ch: 1 BSSID: 40:b0:76:4e:e9:e8 ESSID: kogekehome 
Beacon: 11 0C 12 97872
RSSI: -78 Ch: 1 BSSID: 3c:98:72:dd:35:4a ESSID: MGTS_GPON_6766 
Beacon: 11 04 13 97656
RSSI: -94 Ch: 11 BSSID: 08:9a:c7:e7:88:6e ESSID: MTS_GPON_AD0E 
Beacon: 31 1C 14 96420
RSSI: -91 Ch: 1 BSSID: 58:ea:1f:c2:2e:c6 ESSID: kuznecovskiy 
Beacon: 31 14 15 96848
RSSI: -89 Ch: 9 BSSID: 52:ff:20:7d:14:de ESSID:  52:ff:20:7d:14:de 
Beacon: 11 04 16 95924
RSSI: -90 Ch: 9 BSSID: 50:ff:20:4d:14:de ESSID: we watch 
Beacon: 11 1C 17 96788
RSSI: -88 Ch: 1 BSSID: 54:c2:50:b0:be:a9 ESSID: MTS_GPON_b0bea8 
Beacon: 11 04 18 96392
RSSI: -92 Ch: 1 BSSID: e0:60:66:67:a1:f1 ESSID: MGTS_GPON_2941 
Beacon: 11 04 19 95304
#stopscan
0
Stopping WiFi tran/recv
